<?xml version="1.0" encoding="UTF-8"?>
<coverage generated="1752275606489" clover="3.2.0">
  <project timestamp="1752275606489" name="All files">
    <metrics statements="123" coveredstatements="85" conditionals="100" coveredconditionals="74" methods="51" coveredmethods="32" elements="274" coveredelements="191" complexity="0" loc="123" ncloc="123" packages="1" files="5" classes="5"/>
    <file name="Constants.ts" path="/Users/george.schafer/Library/Mobile Documents/com~apple~CloudDocs/Workspace/React/Jestr/Constants.ts">
      <metrics statements="2" coveredstatements="2" conditionals="0" coveredconditionals="0" methods="0" coveredmethods="0"/>
      <line num="1" count="1" type="stmt"/>
      <line num="16" count="1" type="stmt"/>
    </file>
    <file name="Jestr.ts" path="/Users/george.schafer/Library/Mobile Documents/com~apple~CloudDocs/Workspace/React/Jestr/Jestr.ts">
      <metrics statements="105" coveredstatements="83" conditionals="94" coveredconditionals="74" methods="49" coveredmethods="32"/>
      <line num="30" count="1" type="stmt"/>
      <line num="48" count="10" type="stmt"/>
      <line num="50" count="10" type="cond" truecount="2" falsecount="0"/>
      <line num="52" count="5" type="stmt"/>
      <line num="53" count="5" type="cond" truecount="2" falsecount="0"/>
      <line num="54" count="1" type="stmt"/>
      <line num="55" count="4" type="cond" truecount="1" falsecount="0"/>
      <line num="56" count="3" type="stmt"/>
      <line num="59" count="5" type="stmt"/>
      <line num="67" count="5" type="stmt"/>
      <line num="71" count="5" type="stmt"/>
      <line num="72" count="5" type="cond" truecount="2" falsecount="0"/>
      <line num="85" count="4" type="stmt"/>
      <line num="89" count="4" type="stmt"/>
      <line num="90" count="4" type="cond" truecount="2" falsecount="0"/>
      <line num="117" count="4" type="cond" truecount="2" falsecount="0"/>
      <line num="122" count="2" type="stmt"/>
      <line num="125" count="2" type="stmt"/>
      <line num="126" count="2" type="cond" truecount="2" falsecount="0"/>
      <line num="130" count="2" type="cond" truecount="1" falsecount="1"/>
      <line num="139" count="0" type="stmt"/>
      <line num="146" count="2" type="cond" truecount="1" falsecount="1"/>
      <line num="150" count="2" type="stmt"/>
      <line num="152" count="0" type="stmt"/>
      <line num="171" count="3" type="cond" truecount="2" falsecount="0"/>
      <line num="176" count="2" type="stmt"/>
      <line num="179" count="2" type="stmt"/>
      <line num="180" count="2" type="cond" truecount="2" falsecount="0"/>
      <line num="184" count="1" type="cond" truecount="1" falsecount="1"/>
      <line num="188" count="1" type="stmt"/>
      <line num="190" count="0" type="stmt"/>
      <line num="201" count="14" type="stmt"/>
      <line num="202" count="14" type="cond" truecount="2" falsecount="0"/>
      <line num="203" count="1" type="stmt"/>
      <line num="204" count="13" type="cond" truecount="2" falsecount="0"/>
      <line num="205" count="1" type="stmt"/>
      <line num="206" count="12" type="cond" truecount="2" falsecount="0"/>
      <line num="207" count="1" type="stmt"/>
      <line num="208" count="11" type="cond" truecount="2" falsecount="0"/>
      <line num="209" count="2" type="stmt"/>
      <line num="211" count="9" type="stmt"/>
      <line num="214" count="14" type="stmt"/>
      <line num="216" count="14" type="stmt"/>
      <line num="217" count="14" type="cond" truecount="2" falsecount="0"/>
      <line num="229" count="3" type="stmt"/>
      <line num="233" count="3" type="stmt"/>
      <line num="234" count="3" type="cond" truecount="2" falsecount="0"/>
      <line num="267" count="18" type="cond" truecount="1" falsecount="1"/>
      <line num="268" count="18" type="stmt"/>
      <line num="272" count="18" type="stmt"/>
      <line num="273" count="18" type="cond" truecount="2" falsecount="0"/>
      <line num="278" count="0" type="stmt"/>
      <line num="303" count="7" type="stmt"/>
      <line num="307" count="7" type="stmt"/>
      <line num="308" count="7" type="cond" truecount="2" falsecount="0"/>
      <line num="335" count="1" type="stmt"/>
      <line num="339" count="1" type="stmt"/>
      <line num="340" count="1" type="cond" truecount="1" falsecount="1"/>
      <line num="351" count="0" type="stmt"/>
      <line num="353" count="0" type="stmt"/>
      <line num="354" count="0" type="cond" truecount="0" falsecount="2"/>
      <line num="372" count="8" type="stmt"/>
      <line num="375" count="8" type="stmt"/>
      <line num="376" count="8" type="cond" truecount="1" falsecount="1"/>
      <line num="377" count="8" type="stmt"/>
      <line num="378" count="0" type="stmt"/>
      <line num="391" count="1" type="cond" truecount="0" falsecount="1"/>
      <line num="392" count="0" type="stmt"/>
      <line num="393" count="0" type="stmt"/>
      <line num="403" count="1" type="cond" truecount="0" falsecount="1"/>
      <line num="404" count="0" type="stmt"/>
      <line num="405" count="0" type="stmt"/>
      <line num="414" count="1" type="cond" truecount="0" falsecount="1"/>
      <line num="415" count="0" type="stmt"/>
      <line num="416" count="0" type="stmt"/>
      <line num="425" count="1" type="cond" truecount="1" falsecount="0"/>
      <line num="426" count="3" type="stmt"/>
      <line num="430" count="3" type="stmt"/>
      <line num="431" count="3" type="cond" truecount="2" falsecount="0"/>
      <line num="450" count="1" type="stmt"/>
      <line num="461" count="0" type="stmt"/>
      <line num="473" count="5" type="stmt"/>
      <line num="490" count="0" type="stmt"/>
      <line num="501" count="0" type="stmt"/>
      <line num="517" count="0" type="stmt"/>
      <line num="526" count="0" type="stmt"/>
      <line num="527" count="0" type="stmt"/>
      <line num="539" count="0" type="stmt"/>
      <line num="549" count="4" type="stmt"/>
      <line num="555" count="4" type="stmt"/>
      <line num="560" count="0" type="stmt"/>
      <line num="571" count="13" type="stmt"/>
      <line num="572" count="13" type="stmt"/>
      <line num="573" count="24" type="stmt"/>
      <line num="575" count="130" type="stmt"/>
      <line num="584" count="3" type="stmt"/>
      <line num="595" count="25" type="stmt"/>
      <line num="598" count="25" type="cond" truecount="4" falsecount="0"/>
      <line num="601" count="3" type="stmt"/>
      <line num="604" count="25" type="stmt"/>
      <line num="606" count="51" type="cond" truecount="4" falsecount="0"/>
      <line num="607" count="6" type="stmt"/>
      <line num="608" count="45" type="cond" truecount="3" falsecount="0"/>
      <line num="611" count="14" type="stmt"/>
      <line num="615" count="25" type="stmt"/>
    </file>
    <file name="default.env.ts" path="/Users/george.schafer/Library/Mobile Documents/com~apple~CloudDocs/Workspace/React/Jestr/default.env.ts">
      <metrics statements="4" coveredstatements="0" conditionals="2" coveredconditionals="0" methods="1" coveredmethods="0"/>
      <line num="5" count="0" type="cond" truecount="0" falsecount="2"/>
      <line num="6" count="0" type="stmt"/>
      <line num="7" count="0" type="stmt"/>
      <line num="10" count="0" type="stmt"/>
    </file>
    <file name="env.ts" path="/Users/george.schafer/Library/Mobile Documents/com~apple~CloudDocs/Workspace/React/Jestr/env.ts">
      <metrics statements="4" coveredstatements="0" conditionals="2" coveredconditionals="0" methods="1" coveredmethods="0"/>
      <line num="5" count="0" type="cond" truecount="0" falsecount="2"/>
      <line num="6" count="0" type="stmt"/>
      <line num="7" count="0" type="stmt"/>
      <line num="10" count="0" type="stmt"/>
    </file>
    <file name="jest.config.ts" path="/Users/george.schafer/Library/Mobile Documents/com~apple~CloudDocs/Workspace/React/Jestr/jest.config.ts">
      <metrics statements="8" coveredstatements="0" conditionals="2" coveredconditionals="0" methods="0" coveredmethods="0"/>
      <line num="3" count="0" type="stmt"/>
      <line num="37" count="0" type="stmt"/>
      <line num="71" count="0" type="stmt"/>
      <line num="73" count="0" type="cond" truecount="0" falsecount="2"/>
      <line num="75" count="0" type="stmt"/>
      <line num="76" count="0" type="stmt"/>
      <line num="78" count="0" type="stmt"/>
      <line num="79" count="0" type="stmt"/>
    </file>
  </project>
</coverage>
