{"/Users/george.schafer/Library/Mobile Documents/com~apple~CloudDocs/Workspace/React/Jestr/Constants.ts": {"path":"/Users/george.schafer/Library/Mobile Documents/com~apple~CloudDocs/Workspace/React/Jestr/Constants.ts","statementMap":{"0":{"start":{"line":1,"column":14},"end":{"line":14,"column":null}},"1":{"start":{"line":16,"column":19},"end":{"line":39,"column":null}}},"fnMap":{},"branchMap":{},"s":{"0":2,"1":2},"f":{},"b":{}}
,"/Users/george.schafer/Library/Mobile Documents/com~apple~CloudDocs/Workspace/React/Jestr/Jestr.ts": {"path":"/Users/george.schafer/Library/Mobile Documents/com~apple~CloudDocs/Workspace/React/Jestr/Jestr.ts","statementMap":{"0":{"start":{"line":30,"column":16},"end":{"line":368,"column":null}},"1":{"start":{"line":48,"column":26},"end":{"line":48,"column":44}},"2":{"start":{"line":50,"column":12},"end":{"line":76,"column":13}},"3":{"start":{"line":52,"column":29},"end":{"line":52,"column":46}},"4":{"start":{"line":53,"column":16},"end":{"line":57,"column":17}},"5":{"start":{"line":54,"column":20},"end":{"line":54,"column":null}},"6":{"start":{"line":55,"column":23},"end":{"line":57,"column":17}},"7":{"start":{"line":56,"column":20},"end":{"line":56,"column":null}},"8":{"start":{"line":59,"column":16},"end":{"line":65,"column":null}},"9":{"start":{"line":67,"column":36},"end":{"line":69,"column":36}},"10":{"start":{"line":71,"column":16},"end":{"line":75,"column":null}},"11":{"start":{"line":72,"column":20},"end":{"line":74,"column":null}},"12":{"start":{"line":85,"column":32},"end":{"line":87,"column":22}},"13":{"start":{"line":89,"column":12},"end":{"line":93,"column":null}},"14":{"start":{"line":90,"column":16},"end":{"line":92,"column":null}},"15":{"start":{"line":117,"column":12},"end":{"line":155,"column":13}},"16":{"start":{"line":122,"column":36},"end":{"line":124,"column":29}},"17":{"start":{"line":125,"column":16},"end":{"line":129,"column":null}},"18":{"start":{"line":126,"column":20},"end":{"line":128,"column":null}},"19":{"start":{"line":130,"column":19},"end":{"line":155,"column":13}},"20":{"start":{"line":139,"column":16},"end":{"line":145,"column":null}},"21":{"start":{"line":146,"column":19},"end":{"line":155,"column":13}},"22":{"start":{"line":150,"column":16},"end":{"line":150,"column":null}},"23":{"start":{"line":152,"column":16},"end":{"line":154,"column":null}},"24":{"start":{"line":171,"column":12},"end":{"line":193,"column":13}},"25":{"start":{"line":176,"column":36},"end":{"line":178,"column":29}},"26":{"start":{"line":179,"column":16},"end":{"line":183,"column":null}},"27":{"start":{"line":180,"column":20},"end":{"line":182,"column":null}},"28":{"start":{"line":184,"column":19},"end":{"line":193,"column":13}},"29":{"start":{"line":188,"column":16},"end":{"line":188,"column":null}},"30":{"start":{"line":190,"column":16},"end":{"line":192,"column":null}},"31":{"start":{"line":201,"column":24},"end":{"line":201,"column":26}},"32":{"start":{"line":202,"column":12},"end":{"line":212,"column":13}},"33":{"start":{"line":203,"column":16},"end":{"line":203,"column":null}},"34":{"start":{"line":204,"column":19},"end":{"line":212,"column":13}},"35":{"start":{"line":205,"column":16},"end":{"line":205,"column":null}},"36":{"start":{"line":206,"column":19},"end":{"line":212,"column":13}},"37":{"start":{"line":207,"column":16},"end":{"line":207,"column":null}},"38":{"start":{"line":208,"column":19},"end":{"line":212,"column":13}},"39":{"start":{"line":209,"column":16},"end":{"line":209,"column":null}},"40":{"start":{"line":211,"column":16},"end":{"line":211,"column":null}},"41":{"start":{"line":214,"column":32},"end":{"line":214,"column":77}},"42":{"start":{"line":216,"column":12},"end":{"line":220,"column":null}},"43":{"start":{"line":217,"column":16},"end":{"line":219,"column":null}},"44":{"start":{"line":229,"column":32},"end":{"line":231,"column":15}},"45":{"start":{"line":233,"column":12},"end":{"line":237,"column":null}},"46":{"start":{"line":234,"column":16},"end":{"line":236,"column":null}},"47":{"start":{"line":267,"column":12},"end":{"line":283,"column":13}},"48":{"start":{"line":268,"column":36},"end":{"line":270,"column":43}},"49":{"start":{"line":272,"column":16},"end":{"line":276,"column":null}},"50":{"start":{"line":273,"column":20},"end":{"line":275,"column":null}},"51":{"start":{"line":278,"column":16},"end":{"line":282,"column":null}},"52":{"start":{"line":286,"column":32},"end":{"line":286,"column":95}},"53":{"start":{"line":288,"column":12},"end":{"line":292,"column":null}},"54":{"start":{"line":289,"column":16},"end":{"line":291,"column":null}},"55":{"start":{"line":313,"column":32},"end":{"line":315,"column":40}},"56":{"start":{"line":317,"column":12},"end":{"line":321,"column":null}},"57":{"start":{"line":318,"column":16},"end":{"line":320,"column":null}},"58":{"start":{"line":329,"column":32},"end":{"line":329,"column":100}},"59":{"start":{"line":331,"column":12},"end":{"line":339,"column":null}},"60":{"start":{"line":332,"column":16},"end":{"line":338,"column":null}},"61":{"start":{"line":343,"column":32},"end":{"line":343,"column":90}},"62":{"start":{"line":345,"column":12},"end":{"line":349,"column":null}},"63":{"start":{"line":346,"column":16},"end":{"line":348,"column":null}},"64":{"start":{"line":359,"column":28},"end":{"line":361,"column":11}},"65":{"start":{"line":362,"column":8},"end":{"line":366,"column":null}},"66":{"start":{"line":363,"column":12},"end":{"line":365,"column":null}},"67":{"start":{"line":364,"column":31},"end":{"line":364,"column":38}},"68":{"start":{"line":365,"column":31},"end":{"line":365,"column":38}},"69":{"start":{"line":378,"column":0},"end":{"line":381,"column":null}},"70":{"start":{"line":379,"column":4},"end":{"line":379,"column":null}},"71":{"start":{"line":380,"column":4},"end":{"line":380,"column":null}},"72":{"start":{"line":390,"column":0},"end":{"line":393,"column":null}},"73":{"start":{"line":391,"column":4},"end":{"line":391,"column":null}},"74":{"start":{"line":392,"column":4},"end":{"line":392,"column":null}},"75":{"start":{"line":401,"column":0},"end":{"line":413,"column":null}},"76":{"start":{"line":402,"column":24},"end":{"line":404,"column":20}},"77":{"start":{"line":406,"column":4},"end":{"line":412,"column":null}},"78":{"start":{"line":407,"column":8},"end":{"line":411,"column":null}},"79":{"start":{"line":426,"column":8},"end":{"line":426,"column":null}},"80":{"start":{"line":437,"column":8},"end":{"line":437,"column":null}},"81":{"start":{"line":449,"column":8},"end":{"line":455,"column":null}},"82":{"start":{"line":466,"column":8},"end":{"line":466,"column":null}},"83":{"start":{"line":477,"column":8},"end":{"line":481,"column":null}},"84":{"start":{"line":493,"column":8},"end":{"line":493,"column":null}},"85":{"start":{"line":502,"column":24},"end":{"line":502,"column":87}},"86":{"start":{"line":503,"column":8},"end":{"line":503,"column":null}},"87":{"start":{"line":515,"column":8},"end":{"line":515,"column":null}},"88":{"start":{"line":525,"column":12},"end":{"line":529,"column":56}},"89":{"start":{"line":531,"column":8},"end":{"line":531,"column":null}},"90":{"start":{"line":536,"column":4},"end":{"line":538,"column":null}},"91":{"start":{"line":547,"column":34},"end":{"line":547,"column":36}},"92":{"start":{"line":548,"column":4},"end":{"line":549,"column":null}},"93":{"start":{"line":549,"column":8},"end":{"line":549,"column":52}},"94":{"start":{"line":551,"column":4},"end":{"line":551,"column":null}},"95":{"start":{"line":551,"column":39},"end":{"line":551,"column":68}},"96":{"start":{"line":560,"column":4},"end":{"line":560,"column":null}},"97":{"start":{"line":571,"column":17},"end":{"line":571,"column":22}},"98":{"start":{"line":574,"column":4},"end":{"line":578,"column":5}},"99":{"start":{"line":577,"column":8},"end":{"line":577,"column":null}},"100":{"start":{"line":580,"column":4},"end":{"line":589,"column":null}},"101":{"start":{"line":582,"column":8},"end":{"line":588,"column":9}},"102":{"start":{"line":583,"column":12},"end":{"line":583,"column":18}},"103":{"start":{"line":584,"column":15},"end":{"line":588,"column":9}},"104":{"start":{"line":587,"column":12},"end":{"line":587,"column":null}},"105":{"start":{"line":591,"column":4},"end":{"line":591,"column":null}}},"fnMap":{"0":{"name":"(anonymous_0)","decl":{"start":{"line":41,"column":15},"end":{"line":41,"column":null}},"loc":{"start":{"line":47,"column":12},"end":{"line":77,"column":9}}},"1":{"name":"(anonymous_1)","decl":{"start":{"line":71,"column":34},"end":{"line":71,"column":37}},"loc":{"start":{"line":71,"column":39},"end":{"line":75,"column":17}}},"2":{"name":"(anonymous_2)","decl":{"start":{"line":84,"column":14},"end":{"line":84,"column":18}},"loc":{"start":{"line":84,"column":67},"end":{"line":94,"column":9}}},"3":{"name":"(anonymous_3)","decl":{"start":{"line":89,"column":30},"end":{"line":89,"column":33}},"loc":{"start":{"line":89,"column":35},"end":{"line":93,"column":13}}},"4":{"name":"(anonymous_4)","decl":{"start":{"line":101,"column":16},"end":{"line":101,"column":20}},"loc":{"start":{"line":101,"column":47},"end":{"line":101,"column":50}}},"5":{"name":"(anonymous_5)","decl":{"start":{"line":111,"column":16},"end":{"line":111,"column":null}},"loc":{"start":{"line":116,"column":12},"end":{"line":156,"column":9}}},"6":{"name":"(anonymous_6)","decl":{"start":{"line":125,"column":34},"end":{"line":125,"column":37}},"loc":{"start":{"line":125,"column":39},"end":{"line":129,"column":17}}},"7":{"name":"(anonymous_7)","decl":{"start":{"line":165,"column":23},"end":{"line":165,"column":null}},"loc":{"start":{"line":170,"column":12},"end":{"line":194,"column":9}}},"8":{"name":"(anonymous_8)","decl":{"start":{"line":179,"column":34},"end":{"line":179,"column":37}},"loc":{"start":{"line":179,"column":39},"end":{"line":183,"column":17}}},"9":{"name":"(anonymous_9)","decl":{"start":{"line":200,"column":16},"end":{"line":200,"column":17}},"loc":{"start":{"line":200,"column":46},"end":{"line":221,"column":9}}},"10":{"name":"(anonymous_10)","decl":{"start":{"line":216,"column":30},"end":{"line":216,"column":33}},"loc":{"start":{"line":216,"column":35},"end":{"line":220,"column":13}}},"11":{"name":"(anonymous_11)","decl":{"start":{"line":228,"column":17},"end":{"line":228,"column":21}},"loc":{"start":{"line":228,"column":70},"end":{"line":238,"column":9}}},"12":{"name":"(anonymous_12)","decl":{"start":{"line":233,"column":30},"end":{"line":233,"column":33}},"loc":{"start":{"line":233,"column":35},"end":{"line":237,"column":13}}},"13":{"name":"(anonymous_13)","decl":{"start":{"line":245,"column":19},"end":{"line":245,"column":23}},"loc":{"start":{"line":245,"column":50},"end":{"line":245,"column":53}}},"14":{"name":"(anonymous_14)","decl":{"start":{"line":260,"column":19},"end":{"line":260,"column":null}},"loc":{"start":{"line":266,"column":12},"end":{"line":284,"column":9}}},"15":{"name":"(anonymous_15)","decl":{"start":{"line":272,"column":34},"end":{"line":272,"column":37}},"loc":{"start":{"line":272,"column":39},"end":{"line":276,"column":17}}},"16":{"name":"(anonymous_16)","decl":{"start":{"line":285,"column":22},"end":{"line":285,"column":26}},"loc":{"start":{"line":285,"column":101},"end":{"line":293,"column":9}}},"17":{"name":"(anonymous_17)","decl":{"start":{"line":288,"column":30},"end":{"line":288,"column":33}},"loc":{"start":{"line":288,"column":35},"end":{"line":292,"column":13}}},"18":{"name":"(anonymous_18)","decl":{"start":{"line":307,"column":24},"end":{"line":307,"column":null}},"loc":{"start":{"line":312,"column":12},"end":{"line":322,"column":9}}},"19":{"name":"(anonymous_19)","decl":{"start":{"line":317,"column":30},"end":{"line":317,"column":33}},"loc":{"start":{"line":317,"column":35},"end":{"line":321,"column":13}}},"20":{"name":"(anonymous_20)","decl":{"start":{"line":328,"column":18},"end":{"line":328,"column":19}},"loc":{"start":{"line":328,"column":110},"end":{"line":340,"column":9}}},"21":{"name":"(anonymous_21)","decl":{"start":{"line":331,"column":30},"end":{"line":331,"column":33}},"loc":{"start":{"line":331,"column":35},"end":{"line":339,"column":13}}},"22":{"name":"(anonymous_22)","decl":{"start":{"line":341,"column":19},"end":{"line":341,"column":20}},"loc":{"start":{"line":341,"column":68},"end":{"line":341,"column":71}}},"23":{"name":"(anonymous_23)","decl":{"start":{"line":342,"column":22},"end":{"line":342,"column":23}},"loc":{"start":{"line":342,"column":79},"end":{"line":350,"column":9}}},"24":{"name":"(anonymous_24)","decl":{"start":{"line":345,"column":30},"end":{"line":345,"column":33}},"loc":{"start":{"line":345,"column":35},"end":{"line":349,"column":13}}},"25":{"name":"(anonymous_25)","decl":{"start":{"line":358,"column":13},"end":{"line":358,"column":14}},"loc":{"start":{"line":358,"column":69},"end":{"line":367,"column":5}}},"26":{"name":"(anonymous_26)","decl":{"start":{"line":362,"column":26},"end":{"line":362,"column":29}},"loc":{"start":{"line":362,"column":31},"end":{"line":366,"column":9}}},"27":{"name":"(anonymous_27)","decl":{"start":{"line":364,"column":25},"end":{"line":364,"column":28}},"loc":{"start":{"line":364,"column":31},"end":{"line":364,"column":38}}},"28":{"name":"(anonymous_28)","decl":{"start":{"line":365,"column":25},"end":{"line":365,"column":28}},"loc":{"start":{"line":365,"column":31},"end":{"line":365,"column":38}}},"29":{"name":"(anonymous_29)","decl":{"start":{"line":378,"column":22},"end":{"line":378,"column":23}},"loc":{"start":{"line":378,"column":52},"end":{"line":381,"column":1}}},"30":{"name":"(anonymous_30)","decl":{"start":{"line":390,"column":25},"end":{"line":390,"column":26}},"loc":{"start":{"line":390,"column":55},"end":{"line":393,"column":1}}},"31":{"name":"(anonymous_31)","decl":{"start":{"line":401,"column":27},"end":{"line":401,"column":28}},"loc":{"start":{"line":401,"column":76},"end":{"line":413,"column":1}}},"32":{"name":"(anonymous_32)","decl":{"start":{"line":406,"column":22},"end":{"line":406,"column":25}},"loc":{"start":{"line":406,"column":27},"end":{"line":412,"column":5}}},"33":{"name":"(anonymous_33)","decl":{"start":{"line":425,"column":4},"end":{"line":425,"column":16}},"loc":{"start":{"line":425,"column":42},"end":{"line":427,"column":5}}},"34":{"name":"(anonymous_34)","decl":{"start":{"line":436,"column":4},"end":{"line":436,"column":10}},"loc":{"start":{"line":436,"column":19},"end":{"line":438,"column":5}}},"35":{"name":"(anonymous_35)","decl":{"start":{"line":448,"column":4},"end":{"line":448,"column":16}},"loc":{"start":{"line":448,"column":87},"end":{"line":456,"column":5}}},"36":{"name":"(anonymous_36)","decl":{"start":{"line":465,"column":4},"end":{"line":465,"column":10}},"loc":{"start":{"line":465,"column":19},"end":{"line":467,"column":5}}},"37":{"name":"(anonymous_37)","decl":{"start":{"line":476,"column":4},"end":{"line":476,"column":16}},"loc":{"start":{"line":476,"column":73},"end":{"line":482,"column":5}}},"38":{"name":"(anonymous_38)","decl":{"start":{"line":492,"column":4},"end":{"line":492,"column":10}},"loc":{"start":{"line":492,"column":19},"end":{"line":494,"column":5}}},"39":{"name":"(anonymous_39)","decl":{"start":{"line":501,"column":4},"end":{"line":501,"column":16}},"loc":{"start":{"line":501,"column":41},"end":{"line":504,"column":5}}},"40":{"name":"(anonymous_40)","decl":{"start":{"line":514,"column":4},"end":{"line":514,"column":10}},"loc":{"start":{"line":514,"column":19},"end":{"line":516,"column":5}}},"41":{"name":"(anonymous_41)","decl":{"start":{"line":523,"column":4},"end":{"line":523,"column":16}},"loc":{"start":{"line":523,"column":47},"end":{"line":532,"column":5}}},"42":{"name":"ConciseWarning","decl":{"start":{"line":535,"column":9},"end":{"line":535,"column":23}},"loc":{"start":{"line":535,"column":42},"end":{"line":539,"column":1}}},"43":{"name":"TestableTypesTypescript","decl":{"start":{"line":546,"column":9},"end":{"line":546,"column":32}},"loc":{"start":{"line":546,"column":55},"end":{"line":552,"column":1}}},"44":{"name":"(anonymous_44)","decl":{"start":{"line":548,"column":25},"end":{"line":548,"column":26}},"loc":{"start":{"line":549,"column":8},"end":{"line":549,"column":52}}},"45":{"name":"(anonymous_45)","decl":{"start":{"line":551,"column":29},"end":{"line":551,"column":30}},"loc":{"start":{"line":551,"column":39},"end":{"line":551,"column":68}}},"46":{"name":"TestableTypesJavascript","decl":{"start":{"line":559,"column":9},"end":{"line":559,"column":32}},"loc":{"start":{"line":559,"column":55},"end":{"line":561,"column":1}}},"47":{"name":"SubjectTargetAre","decl":{"start":{"line":570,"column":9},"end":{"line":570,"column":25}},"loc":{"start":{"line":570,"column":69},"end":{"line":592,"column":1}}},"48":{"name":"(anonymous_48)","decl":{"start":{"line":580,"column":18},"end":{"line":580,"column":22}},"loc":{"start":{"line":580,"column":25},"end":{"line":589,"column":5}}}},"branchMap":{"0":{"loc":{"start":{"line":46,"column":12},"end":{"line":46,"column":23}},"type":"default-arg","locations":[{"start":{"line":46,"column":19},"end":{"line":46,"column":23}}]},"1":{"loc":{"start":{"line":50,"column":12},"end":{"line":76,"column":13}},"type":"if","locations":[{"start":{"line":50,"column":12},"end":{"line":76,"column":13}},{"start":{"line":66,"column":19},"end":{"line":76,"column":13}}]},"2":{"loc":{"start":{"line":53,"column":16},"end":{"line":57,"column":17}},"type":"if","locations":[{"start":{"line":53,"column":16},"end":{"line":57,"column":17}},{"start":{"line":55,"column":23},"end":{"line":57,"column":17}}]},"3":{"loc":{"start":{"line":55,"column":23},"end":{"line":57,"column":17}},"type":"if","locations":[{"start":{"line":55,"column":23},"end":{"line":57,"column":17}},{"start":{},"end":{}}]},"4":{"loc":{"start":{"line":72,"column":20},"end":{"line":74,"column":58}},"type":"cond-expr","locations":[{"start":{"line":73,"column":26},"end":{"line":73,"column":54}},{"start":{"line":74,"column":26},"end":{"line":74,"column":58}}]},"5":{"loc":{"start":{"line":84,"column":52},"end":{"line":84,"column":63}},"type":"default-arg","locations":[{"start":{"line":84,"column":59},"end":{"line":84,"column":63}}]},"6":{"loc":{"start":{"line":90,"column":16},"end":{"line":92,"column":52}},"type":"cond-expr","locations":[{"start":{"line":91,"column":22},"end":{"line":91,"column":48}},{"start":{"line":92,"column":22},"end":{"line":92,"column":52}}]},"7":{"loc":{"start":{"line":101,"column":32},"end":{"line":101,"column":43}},"type":"default-arg","locations":[{"start":{"line":101,"column":39},"end":{"line":101,"column":43}}]},"8":{"loc":{"start":{"line":115,"column":12},"end":{"line":115,"column":23}},"type":"default-arg","locations":[{"start":{"line":115,"column":19},"end":{"line":115,"column":23}}]},"9":{"loc":{"start":{"line":117,"column":12},"end":{"line":155,"column":13}},"type":"if","locations":[{"start":{"line":117,"column":12},"end":{"line":155,"column":13}},{"start":{"line":130,"column":19},"end":{"line":155,"column":13}}]},"10":{"loc":{"start":{"line":118,"column":16},"end":{"line":120,"column":40}},"type":"binary-expr","locations":[{"start":{"line":118,"column":16},"end":{"line":118,"column":61}},{"start":{"line":119,"column":16},"end":{"line":119,"column":41}},{"start":{"line":120,"column":16},"end":{"line":120,"column":40}}]},"11":{"loc":{"start":{"line":126,"column":20},"end":{"line":128,"column":58}},"type":"cond-expr","locations":[{"start":{"line":127,"column":26},"end":{"line":127,"column":54}},{"start":{"line":128,"column":26},"end":{"line":128,"column":58}}]},"12":{"loc":{"start":{"line":130,"column":19},"end":{"line":155,"column":13}},"type":"if","locations":[{"start":{"line":130,"column":19},"end":{"line":155,"column":13}},{"start":{"line":146,"column":19},"end":{"line":155,"column":13}}]},"13":{"loc":{"start":{"line":131,"column":16},"end":{"line":137,"column":41}},"type":"binary-expr","locations":[{"start":{"line":131,"column":16},"end":{"line":134,"column":null}},{"start":{"line":136,"column":16},"end":{"line":136,"column":42}},{"start":{"line":137,"column":16},"end":{"line":137,"column":41}}]},"14":{"loc":{"start":{"line":146,"column":19},"end":{"line":155,"column":13}},"type":"if","locations":[{"start":{"line":146,"column":19},"end":{"line":155,"column":13}},{"start":{"line":151,"column":19},"end":{"line":155,"column":13}}]},"15":{"loc":{"start":{"line":147,"column":16},"end":{"line":148,"column":70}},"type":"binary-expr","locations":[{"start":{"line":147,"column":16},"end":{"line":147,"column":61}},{"start":{"line":148,"column":16},"end":{"line":148,"column":70}}]},"16":{"loc":{"start":{"line":169,"column":12},"end":{"line":169,"column":23}},"type":"default-arg","locations":[{"start":{"line":169,"column":19},"end":{"line":169,"column":23}}]},"17":{"loc":{"start":{"line":171,"column":12},"end":{"line":193,"column":13}},"type":"if","locations":[{"start":{"line":171,"column":12},"end":{"line":193,"column":13}},{"start":{"line":184,"column":19},"end":{"line":193,"column":13}}]},"18":{"loc":{"start":{"line":172,"column":16},"end":{"line":174,"column":41}},"type":"binary-expr","locations":[{"start":{"line":172,"column":16},"end":{"line":172,"column":61}},{"start":{"line":173,"column":16},"end":{"line":173,"column":42}},{"start":{"line":174,"column":16},"end":{"line":174,"column":41}}]},"19":{"loc":{"start":{"line":180,"column":20},"end":{"line":182,"column":65}},"type":"cond-expr","locations":[{"start":{"line":181,"column":26},"end":{"line":181,"column":61}},{"start":{"line":182,"column":26},"end":{"line":182,"column":65}}]},"20":{"loc":{"start":{"line":184,"column":19},"end":{"line":193,"column":13}},"type":"if","locations":[{"start":{"line":184,"column":19},"end":{"line":193,"column":13}},{"start":{"line":189,"column":19},"end":{"line":193,"column":13}}]},"21":{"loc":{"start":{"line":185,"column":16},"end":{"line":186,"column":70}},"type":"binary-expr","locations":[{"start":{"line":185,"column":16},"end":{"line":185,"column":61}},{"start":{"line":186,"column":16},"end":{"line":186,"column":70}}]},"22":{"loc":{"start":{"line":200,"column":31},"end":{"line":200,"column":42}},"type":"default-arg","locations":[{"start":{"line":200,"column":38},"end":{"line":200,"column":42}}]},"23":{"loc":{"start":{"line":202,"column":12},"end":{"line":212,"column":13}},"type":"if","locations":[{"start":{"line":202,"column":12},"end":{"line":212,"column":13}},{"start":{"line":204,"column":19},"end":{"line":212,"column":13}}]},"24":{"loc":{"start":{"line":204,"column":19},"end":{"line":212,"column":13}},"type":"if","locations":[{"start":{"line":204,"column":19},"end":{"line":212,"column":13}},{"start":{"line":206,"column":19},"end":{"line":212,"column":13}}]},"25":{"loc":{"start":{"line":206,"column":19},"end":{"line":212,"column":13}},"type":"if","locations":[{"start":{"line":206,"column":19},"end":{"line":212,"column":13}},{"start":{"line":208,"column":19},"end":{"line":212,"column":13}}]},"26":{"loc":{"start":{"line":208,"column":19},"end":{"line":212,"column":13}},"type":"if","locations":[{"start":{"line":208,"column":19},"end":{"line":212,"column":13}},{"start":{"line":210,"column":19},"end":{"line":212,"column":13}}]},"27":{"loc":{"start":{"line":217,"column":16},"end":{"line":219,"column":54}},"type":"cond-expr","locations":[{"start":{"line":218,"column":22},"end":{"line":218,"column":50}},{"start":{"line":219,"column":22},"end":{"line":219,"column":54}}]},"28":{"loc":{"start":{"line":228,"column":55},"end":{"line":228,"column":66}},"type":"default-arg","locations":[{"start":{"line":228,"column":62},"end":{"line":228,"column":66}}]},"29":{"loc":{"start":{"line":234,"column":16},"end":{"line":236,"column":53}},"type":"cond-expr","locations":[{"start":{"line":235,"column":22},"end":{"line":235,"column":51}},{"start":{"line":236,"column":22},"end":{"line":236,"column":53}}]},"30":{"loc":{"start":{"line":245,"column":35},"end":{"line":245,"column":46}},"type":"default-arg","locations":[{"start":{"line":245,"column":42},"end":{"line":245,"column":46}}]},"31":{"loc":{"start":{"line":265,"column":12},"end":{"line":265,"column":23}},"type":"default-arg","locations":[{"start":{"line":265,"column":19},"end":{"line":265,"column":23}}]},"32":{"loc":{"start":{"line":267,"column":12},"end":{"line":283,"column":13}},"type":"if","locations":[{"start":{"line":267,"column":12},"end":{"line":283,"column":13}},{"start":{"line":277,"column":19},"end":{"line":283,"column":13}}]},"33":{"loc":{"start":{"line":273,"column":20},"end":{"line":275,"column":63}},"type":"cond-expr","locations":[{"start":{"line":274,"column":26},"end":{"line":274,"column":59}},{"start":{"line":275,"column":26},"end":{"line":275,"column":63}}]},"34":{"loc":{"start":{"line":285,"column":86},"end":{"line":285,"column":97}},"type":"default-arg","locations":[{"start":{"line":285,"column":93},"end":{"line":285,"column":97}}]},"35":{"loc":{"start":{"line":289,"column":16},"end":{"line":291,"column":70}},"type":"cond-expr","locations":[{"start":{"line":290,"column":22},"end":{"line":290,"column":66}},{"start":{"line":291,"column":22},"end":{"line":291,"column":70}}]},"36":{"loc":{"start":{"line":311,"column":12},"end":{"line":311,"column":23}},"type":"default-arg","locations":[{"start":{"line":311,"column":19},"end":{"line":311,"column":23}}]},"37":{"loc":{"start":{"line":318,"column":16},"end":{"line":320,"column":64}},"type":"cond-expr","locations":[{"start":{"line":319,"column":22},"end":{"line":319,"column":60}},{"start":{"line":320,"column":22},"end":{"line":320,"column":64}}]},"38":{"loc":{"start":{"line":328,"column":95},"end":{"line":328,"column":106}},"type":"default-arg","locations":[{"start":{"line":328,"column":102},"end":{"line":328,"column":106}}]},"39":{"loc":{"start":{"line":332,"column":16},"end":{"line":337,"column":null}},"type":"cond-expr","locations":[{"start":{"line":333,"column":22},"end":{"line":334,"column":null}},{"start":{"line":336,"column":22},"end":{"line":337,"column":null}}]},"40":{"loc":{"start":{"line":341,"column":53},"end":{"line":341,"column":64}},"type":"default-arg","locations":[{"start":{"line":341,"column":60},"end":{"line":341,"column":64}}]},"41":{"loc":{"start":{"line":342,"column":64},"end":{"line":342,"column":75}},"type":"default-arg","locations":[{"start":{"line":342,"column":71},"end":{"line":342,"column":75}}]},"42":{"loc":{"start":{"line":346,"column":16},"end":{"line":348,"column":70}},"type":"cond-expr","locations":[{"start":{"line":347,"column":22},"end":{"line":347,"column":66}},{"start":{"line":348,"column":22},"end":{"line":348,"column":70}}]},"43":{"loc":{"start":{"line":358,"column":54},"end":{"line":358,"column":65}},"type":"default-arg","locations":[{"start":{"line":358,"column":61},"end":{"line":358,"column":65}}]},"44":{"loc":{"start":{"line":363,"column":12},"end":{"line":365,"column":53}},"type":"cond-expr","locations":[{"start":{"line":364,"column":18},"end":{"line":364,"column":49}},{"start":{"line":365,"column":18},"end":{"line":365,"column":53}}]},"45":{"loc":{"start":{"line":378,"column":37},"end":{"line":378,"column":48}},"type":"default-arg","locations":[{"start":{"line":378,"column":44},"end":{"line":378,"column":48}}]},"46":{"loc":{"start":{"line":390,"column":40},"end":{"line":390,"column":51}},"type":"default-arg","locations":[{"start":{"line":390,"column":47},"end":{"line":390,"column":51}}]},"47":{"loc":{"start":{"line":401,"column":61},"end":{"line":401,"column":72}},"type":"default-arg","locations":[{"start":{"line":401,"column":68},"end":{"line":401,"column":72}}]},"48":{"loc":{"start":{"line":407,"column":8},"end":{"line":410,"column":null}},"type":"cond-expr","locations":[{"start":{"line":408,"column":14},"end":{"line":408,"column":70}},{"start":{"line":409,"column":14},"end":{"line":410,"column":null}}]},"49":{"loc":{"start":{"line":448,"column":78},"end":{"line":448,"column":87}},"type":"default-arg","locations":[{"start":{"line":448,"column":85},"end":{"line":448,"column":87}}]},"50":{"loc":{"start":{"line":476,"column":64},"end":{"line":476,"column":73}},"type":"default-arg","locations":[{"start":{"line":476,"column":71},"end":{"line":476,"column":73}}]},"51":{"loc":{"start":{"line":574,"column":4},"end":{"line":578,"column":5}},"type":"if","locations":[{"start":{"line":574,"column":4},"end":{"line":578,"column":5}},{"start":{},"end":{}}]},"52":{"loc":{"start":{"line":574,"column":7},"end":{"line":575,"column":36}},"type":"binary-expr","locations":[{"start":{"line":574,"column":8},"end":{"line":574,"column":24}},{"start":{"line":574,"column":28},"end":{"line":574,"column":43}},{"start":{"line":575,"column":8},"end":{"line":575,"column":36}}]},"53":{"loc":{"start":{"line":582,"column":8},"end":{"line":588,"column":9}},"type":"if","locations":[{"start":{"line":582,"column":8},"end":{"line":588,"column":9}},{"start":{"line":584,"column":15},"end":{"line":588,"column":9}}]},"54":{"loc":{"start":{"line":582,"column":12},"end":{"line":582,"column":47}},"type":"binary-expr","locations":[{"start":{"line":582,"column":12},"end":{"line":582,"column":28}},{"start":{"line":582,"column":32},"end":{"line":582,"column":47}}]},"55":{"loc":{"start":{"line":584,"column":15},"end":{"line":588,"column":9}},"type":"if","locations":[{"start":{"line":584,"column":15},"end":{"line":588,"column":9}},{"start":{},"end":{}}]},"56":{"loc":{"start":{"line":584,"column":18},"end":{"line":585,"column":34}},"type":"binary-expr","locations":[{"start":{"line":584,"column":18},"end":{"line":584,"column":41}},{"start":{"line":585,"column":12},"end":{"line":585,"column":34}}]}},"s":{"0":2,"1":13,"2":13,"3":5,"4":5,"5":1,"6":4,"7":3,"8":5,"9":8,"10":8,"11":8,"12":4,"13":4,"14":4,"15":4,"16":2,"17":2,"18":2,"19":2,"20":0,"21":2,"22":2,"23":0,"24":3,"25":2,"26":2,"27":2,"28":1,"29":1,"30":0,"31":18,"32":18,"33":1,"34":17,"35":1,"36":16,"37":1,"38":15,"39":2,"40":13,"41":18,"42":18,"43":18,"44":3,"45":3,"46":3,"47":48,"48":48,"49":48,"50":48,"51":0,"52":6,"53":6,"54":6,"55":3,"56":3,"57":3,"58":4,"59":4,"60":4,"61":1,"62":1,"63":1,"64":8,"65":8,"66":8,"67":8,"68":0,"69":2,"70":0,"71":0,"72":2,"73":0,"74":0,"75":2,"76":3,"77":3,"78":3,"79":1,"80":0,"81":5,"82":0,"83":0,"84":0,"85":0,"86":0,"87":0,"88":4,"89":4,"90":0,"91":13,"92":13,"93":24,"94":13,"95":130,"96":3,"97":28,"98":28,"99":3,"100":28,"101":57,"102":6,"103":51,"104":14,"105":28},"f":{"0":13,"1":8,"2":4,"3":4,"4":0,"5":4,"6":2,"7":3,"8":2,"9":18,"10":18,"11":3,"12":3,"13":0,"14":48,"15":48,"16":6,"17":6,"18":3,"19":3,"20":4,"21":4,"22":0,"23":1,"24":1,"25":8,"26":8,"27":8,"28":0,"29":0,"30":0,"31":3,"32":3,"33":1,"34":0,"35":5,"36":0,"37":0,"38":0,"39":0,"40":0,"41":4,"42":0,"43":13,"44":24,"45":130,"46":3,"47":28,"48":57},"b":{"0":[7],"1":[5,8],"2":[1,4],"3":[3,1],"4":[6,2],"5":[2],"6":[2,2],"7":[0],"8":[3],"9":[2,2],"10":[4,4,2],"11":[1,1],"12":[0,2],"13":[2,0,0],"14":[2,0],"15":[2,2],"16":[2],"17":[2,1],"18":[3,3,2],"19":[1,1],"20":[1,0],"21":[1,1],"22":[9],"23":[1,17],"24":[1,16],"25":[1,15],"26":[2,13],"27":[9,9],"28":[1],"29":[2,1],"30":[0],"31":[29],"32":[48,0],"33":[29,19],"34":[5],"35":[5,1],"36":[3],"37":[3,0],"38":[4],"39":[4,0],"40":[0],"41":[1],"42":[1,0],"43":[8],"44":[8,0],"45":[0],"46":[0],"47":[1],"48":[2,1],"49":[0],"50":[0],"51":[3,25],"52":[28,27,3],"53":[6,51],"54":[57,55],"55":[14,37],"56":[51,37]}}
,"/Users/george.schafer/Library/Mobile Documents/com~apple~CloudDocs/Workspace/React/Jestr/module/verbs/jest.config.ts": {"path":"/Users/george.schafer/Library/Mobile Documents/com~apple~CloudDocs/Workspace/React/Jestr/module/verbs/jest.config.ts","statementMap":{"0":{"start":{"line":1,"column":15},"end":{"line":25,"column":null}}},"fnMap":{},"branchMap":{},"s":{"0":0},"f":{},"b":{}}
,"/Users/george.schafer/Library/Mobile Documents/com~apple~CloudDocs/Workspace/React/Jestr/test/ReactNative.tests.ts": {"path":"/Users/george.schafer/Library/Mobile Documents/com~apple~CloudDocs/Workspace/React/Jestr/test/ReactNative.tests.ts","statementMap":{"0":{"start":{"line":6,"column":0},"end":{"line":8,"column":null}},"1":{"start":{"line":7,"column":4},"end":{"line":7,"column":null}}},"fnMap":{"0":{"name":"(anonymous_0)","decl":{"start":{"line":6,"column":31},"end":{"line":6,"column":34}},"loc":{"start":{"line":6,"column":36},"end":{"line":8,"column":1}}}},"branchMap":{},"s":{"0":0,"1":0},"f":{"0":0},"b":{}}
}
