{"/Users/george.schafer/Library/Mobile Documents/com~apple~CloudDocs/Workspace/Jestr/Jestr.cjs": {"path":"/Users/george.schafer/Library/Mobile Documents/com~apple~CloudDocs/Workspace/Jestr/Jestr.cjs","statementMap":{"0":{"start":{"line":12,"column":4},"end":{"line":12,"column":39}},"1":{"start":{"line":13,"column":23},"end":{"line":13,"column":47}},"2":{"start":{"line":17,"column":22},"end":{"line":17,"column":113}},"3":{"start":{"line":19,"column":16},"end":{"line":199,"column":1}},"4":{"start":{"line":36,"column":26},"end":{"line":36,"column":54}},"5":{"start":{"line":38,"column":12},"end":{"line":65,"column":13}},"6":{"start":{"line":41,"column":29},"end":{"line":41,"column":46}},"7":{"start":{"line":42,"column":16},"end":{"line":48,"column":17}},"8":{"start":{"line":43,"column":20},"end":{"line":43,"column":55}},"9":{"start":{"line":44,"column":23},"end":{"line":48,"column":17}},"10":{"start":{"line":45,"column":20},"end":{"line":45,"column":52}},"11":{"start":{"line":46,"column":23},"end":{"line":48,"column":17}},"12":{"start":{"line":47,"column":20},"end":{"line":47,"column":52}},"13":{"start":{"line":50,"column":16},"end":{"line":56,"column":17}},"14":{"start":{"line":58,"column":36},"end":{"line":58,"column":100}},"15":{"start":{"line":60,"column":16},"end":{"line":64,"column":18}},"16":{"start":{"line":61,"column":20},"end":{"line":63,"column":58}},"17":{"start":{"line":68,"column":32},"end":{"line":68,"column":86}},"18":{"start":{"line":70,"column":12},"end":{"line":74,"column":14}},"19":{"start":{"line":71,"column":16},"end":{"line":73,"column":52}},"20":{"start":{"line":90,"column":12},"end":{"line":90,"column":55}},"21":{"start":{"line":92,"column":22},"end":{"line":129,"column":9}},"22":{"start":{"line":107,"column":26},"end":{"line":107,"column":36}},"23":{"start":{"line":109,"column":12},"end":{"line":128,"column":13}},"24":{"start":{"line":110,"column":36},"end":{"line":110,"column":95}},"25":{"start":{"line":112,"column":16},"end":{"line":120,"column":18}},"26":{"start":{"line":113,"column":20},"end":{"line":115,"column":58}},"27":{"start":{"line":117,"column":20},"end":{"line":119,"column":70}},"28":{"start":{"line":122,"column":16},"end":{"line":127,"column":17}},"29":{"start":{"line":132,"column":24},"end":{"line":132,"column":26}},"30":{"start":{"line":133,"column":12},"end":{"line":143,"column":13}},"31":{"start":{"line":134,"column":16},"end":{"line":134,"column":33}},"32":{"start":{"line":135,"column":19},"end":{"line":143,"column":13}},"33":{"start":{"line":136,"column":16},"end":{"line":136,"column":28}},"34":{"start":{"line":137,"column":19},"end":{"line":143,"column":13}},"35":{"start":{"line":138,"column":16},"end":{"line":138,"column":26}},"36":{"start":{"line":139,"column":19},"end":{"line":143,"column":13}},"37":{"start":{"line":140,"column":16},"end":{"line":140,"column":40}},"38":{"start":{"line":142,"column":16},"end":{"line":142,"column":40}},"39":{"start":{"line":145,"column":32},"end":{"line":145,"column":77}},"40":{"start":{"line":147,"column":12},"end":{"line":151,"column":14}},"41":{"start":{"line":148,"column":16},"end":{"line":150,"column":54}},"42":{"start":{"line":156,"column":12},"end":{"line":166,"column":13}},"43":{"start":{"line":157,"column":36},"end":{"line":157,"column":116}},"44":{"start":{"line":159,"column":16},"end":{"line":163,"column":18}},"45":{"start":{"line":160,"column":20},"end":{"line":162,"column":63}},"46":{"start":{"line":165,"column":16},"end":{"line":165,"column":151}},"47":{"start":{"line":165,"column":116},"end":{"line":165,"column":132}},"48":{"start":{"line":169,"column":12},"end":{"line":179,"column":13}},"49":{"start":{"line":170,"column":36},"end":{"line":170,"column":116}},"50":{"start":{"line":172,"column":16},"end":{"line":176,"column":18}},"51":{"start":{"line":173,"column":20},"end":{"line":175,"column":68}},"52":{"start":{"line":178,"column":16},"end":{"line":178,"column":156}},"53":{"start":{"line":178,"column":121},"end":{"line":178,"column":137}},"54":{"start":{"line":184,"column":12},"end":{"line":184,"column":33}},"55":{"start":{"line":189,"column":28},"end":{"line":189,"column":104}},"56":{"start":{"line":190,"column":8},"end":{"line":194,"column":10}},"57":{"start":{"line":191,"column":12},"end":{"line":193,"column":61}},"58":{"start":{"line":192,"column":33},"end":{"line":192,"column":40}},"59":{"start":{"line":193,"column":33},"end":{"line":193,"column":40}},"60":{"start":{"line":206,"column":8},"end":{"line":206,"column":89}},"61":{"start":{"line":215,"column":8},"end":{"line":221,"column":9}},"62":{"start":{"line":232,"column":17},"end":{"line":232,"column":22}},"63":{"start":{"line":235,"column":4},"end":{"line":239,"column":5}},"64":{"start":{"line":238,"column":8},"end":{"line":238,"column":21}},"65":{"start":{"line":241,"column":4},"end":{"line":250,"column":6}},"66":{"start":{"line":243,"column":8},"end":{"line":249,"column":9}},"67":{"start":{"line":244,"column":12},"end":{"line":244,"column":18}},"68":{"start":{"line":245,"column":15},"end":{"line":249,"column":9}},"69":{"start":{"line":248,"column":12},"end":{"line":248,"column":25}},"70":{"start":{"line":252,"column":4},"end":{"line":252,"column":17}},"71":{"start":{"line":255,"column":0},"end":{"line":266,"column":1}}},"fnMap":{"0":{"name":"(anonymous_0)","decl":{"start":{"line":21,"column":15},"end":{"line":21,"column":16}},"loc":{"start":{"line":21,"column":105},"end":{"line":66,"column":9}},"line":21},"1":{"name":"(anonymous_1)","decl":{"start":{"line":60,"column":34},"end":{"line":60,"column":35}},"loc":{"start":{"line":60,"column":40},"end":{"line":64,"column":17}},"line":60},"2":{"name":"(anonymous_2)","decl":{"start":{"line":67,"column":14},"end":{"line":67,"column":15}},"loc":{"start":{"line":67,"column":68},"end":{"line":75,"column":9}},"line":67},"3":{"name":"(anonymous_3)","decl":{"start":{"line":70,"column":30},"end":{"line":70,"column":31}},"loc":{"start":{"line":70,"column":36},"end":{"line":74,"column":13}},"line":70},"4":{"name":"(anonymous_4)","decl":{"start":{"line":76,"column":16},"end":{"line":76,"column":17}},"loc":{"start":{"line":76,"column":106},"end":{"line":91,"column":9}},"line":76},"5":{"name":"(anonymous_5)","decl":{"start":{"line":92,"column":16},"end":{"line":92,"column":17}},"loc":{"start":{"line":92,"column":22},"end":{"line":129,"column":9}},"line":92},"6":{"name":"(anonymous_6)","decl":{"start":{"line":92,"column":22},"end":{"line":92,"column":23}},"loc":{"start":{"line":92,"column":84},"end":{"line":129,"column":9}},"line":92},"7":{"name":"(anonymous_7)","decl":{"start":{"line":112,"column":34},"end":{"line":112,"column":35}},"loc":{"start":{"line":112,"column":40},"end":{"line":120,"column":17}},"line":112},"8":{"name":"(anonymous_8)","decl":{"start":{"line":130,"column":16},"end":{"line":130,"column":17}},"loc":{"start":{"line":130,"column":40},"end":{"line":152,"column":9}},"line":130},"9":{"name":"(anonymous_9)","decl":{"start":{"line":147,"column":30},"end":{"line":147,"column":31}},"loc":{"start":{"line":147,"column":36},"end":{"line":151,"column":13}},"line":147},"10":{"name":"(anonymous_10)","decl":{"start":{"line":155,"column":19},"end":{"line":155,"column":20}},"loc":{"start":{"line":155,"column":109},"end":{"line":167,"column":9}},"line":155},"11":{"name":"(anonymous_11)","decl":{"start":{"line":159,"column":34},"end":{"line":159,"column":35}},"loc":{"start":{"line":159,"column":40},"end":{"line":163,"column":17}},"line":159},"12":{"name":"(anonymous_12)","decl":{"start":{"line":165,"column":106},"end":{"line":165,"column":107}},"loc":{"start":{"line":165,"column":116},"end":{"line":165,"column":132}},"line":165},"13":{"name":"(anonymous_13)","decl":{"start":{"line":168,"column":24},"end":{"line":168,"column":25}},"loc":{"start":{"line":168,"column":114},"end":{"line":180,"column":9}},"line":168},"14":{"name":"(anonymous_14)","decl":{"start":{"line":172,"column":34},"end":{"line":172,"column":35}},"loc":{"start":{"line":172,"column":40},"end":{"line":176,"column":17}},"line":172},"15":{"name":"(anonymous_15)","decl":{"start":{"line":178,"column":111},"end":{"line":178,"column":112}},"loc":{"start":{"line":178,"column":121},"end":{"line":178,"column":137}},"line":178},"16":{"name":"(anonymous_16)","decl":{"start":{"line":183,"column":18},"end":{"line":183,"column":19}},"loc":{"start":{"line":183,"column":24},"end":{"line":186,"column":9}},"line":183},"17":{"name":"(anonymous_17)","decl":{"start":{"line":188,"column":13},"end":{"line":188,"column":14}},"loc":{"start":{"line":188,"column":118},"end":{"line":195,"column":5}},"line":188},"18":{"name":"(anonymous_18)","decl":{"start":{"line":188,"column":54},"end":{"line":188,"column":55}},"loc":{"start":{"line":188,"column":60},"end":{"line":188,"column":62}},"line":188},"19":{"name":"(anonymous_19)","decl":{"start":{"line":190,"column":26},"end":{"line":190,"column":27}},"loc":{"start":{"line":190,"column":32},"end":{"line":194,"column":9}},"line":190},"20":{"name":"(anonymous_20)","decl":{"start":{"line":192,"column":25},"end":{"line":192,"column":26}},"loc":{"start":{"line":192,"column":31},"end":{"line":192,"column":41}},"line":192},"21":{"name":"(anonymous_21)","decl":{"start":{"line":193,"column":25},"end":{"line":193,"column":26}},"loc":{"start":{"line":193,"column":31},"end":{"line":193,"column":41}},"line":193},"22":{"name":"(anonymous_22)","decl":{"start":{"line":205,"column":4},"end":{"line":205,"column":5}},"loc":{"start":{"line":205,"column":30},"end":{"line":207,"column":5}},"line":205},"23":{"name":"(anonymous_23)","decl":{"start":{"line":214,"column":4},"end":{"line":214,"column":5}},"loc":{"start":{"line":214,"column":63},"end":{"line":222,"column":5}},"line":214},"24":{"name":"SubjectTargetAre","decl":{"start":{"line":225,"column":9},"end":{"line":225,"column":25}},"loc":{"start":{"line":225,"column":52},"end":{"line":253,"column":1}},"line":225},"25":{"name":"(anonymous_25)","decl":{"start":{"line":241,"column":18},"end":{"line":241,"column":19}},"loc":{"start":{"line":241,"column":26},"end":{"line":250,"column":5}},"line":241}},"branchMap":{"0":{"loc":{"start":{"line":21,"column":16},"end":{"line":21,"column":44}},"type":"default-arg","locations":[{"start":{"line":21,"column":29},"end":{"line":21,"column":44}}],"line":21},"1":{"loc":{"start":{"line":21,"column":55},"end":{"line":21,"column":81}},"type":"default-arg","locations":[{"start":{"line":21,"column":67},"end":{"line":21,"column":81}}],"line":21},"2":{"loc":{"start":{"line":21,"column":91},"end":{"line":21,"column":100}},"type":"default-arg","locations":[{"start":{"line":21,"column":96},"end":{"line":21,"column":100}}],"line":21},"3":{"loc":{"start":{"line":38,"column":12},"end":{"line":65,"column":13}},"type":"if","locations":[{"start":{"line":38,"column":12},"end":{"line":65,"column":13}},{"start":{"line":57,"column":19},"end":{"line":65,"column":13}}],"line":38},"4":{"loc":{"start":{"line":42,"column":16},"end":{"line":48,"column":17}},"type":"if","locations":[{"start":{"line":42,"column":16},"end":{"line":48,"column":17}},{"start":{"line":44,"column":23},"end":{"line":48,"column":17}}],"line":42},"5":{"loc":{"start":{"line":44,"column":23},"end":{"line":48,"column":17}},"type":"if","locations":[{"start":{"line":44,"column":23},"end":{"line":48,"column":17}},{"start":{"line":46,"column":23},"end":{"line":48,"column":17}}],"line":44},"6":{"loc":{"start":{"line":46,"column":23},"end":{"line":48,"column":17}},"type":"if","locations":[{"start":{"line":46,"column":23},"end":{"line":48,"column":17}},{"start":{},"end":{}}],"line":46},"7":{"loc":{"start":{"line":61,"column":20},"end":{"line":63,"column":58}},"type":"cond-expr","locations":[{"start":{"line":62,"column":26},"end":{"line":62,"column":54}},{"start":{"line":63,"column":26},"end":{"line":63,"column":58}}],"line":61},"8":{"loc":{"start":{"line":67,"column":15},"end":{"line":67,"column":43}},"type":"default-arg","locations":[{"start":{"line":67,"column":28},"end":{"line":67,"column":43}}],"line":67},"9":{"loc":{"start":{"line":67,"column":54},"end":{"line":67,"column":63}},"type":"default-arg","locations":[{"start":{"line":67,"column":59},"end":{"line":67,"column":63}}],"line":67},"10":{"loc":{"start":{"line":71,"column":16},"end":{"line":73,"column":52}},"type":"cond-expr","locations":[{"start":{"line":72,"column":22},"end":{"line":72,"column":48}},{"start":{"line":73,"column":22},"end":{"line":73,"column":52}}],"line":71},"11":{"loc":{"start":{"line":76,"column":17},"end":{"line":76,"column":45}},"type":"default-arg","locations":[{"start":{"line":76,"column":30},"end":{"line":76,"column":45}}],"line":76},"12":{"loc":{"start":{"line":76,"column":56},"end":{"line":76,"column":82}},"type":"default-arg","locations":[{"start":{"line":76,"column":68},"end":{"line":76,"column":82}}],"line":76},"13":{"loc":{"start":{"line":76,"column":92},"end":{"line":76,"column":101}},"type":"default-arg","locations":[{"start":{"line":76,"column":97},"end":{"line":76,"column":101}}],"line":76},"14":{"loc":{"start":{"line":92,"column":23},"end":{"line":92,"column":51}},"type":"default-arg","locations":[{"start":{"line":92,"column":36},"end":{"line":92,"column":51}}],"line":92},"15":{"loc":{"start":{"line":92,"column":70},"end":{"line":92,"column":79}},"type":"default-arg","locations":[{"start":{"line":92,"column":75},"end":{"line":92,"column":79}}],"line":92},"16":{"loc":{"start":{"line":109,"column":12},"end":{"line":128,"column":13}},"type":"if","locations":[{"start":{"line":109,"column":12},"end":{"line":128,"column":13}},{"start":{"line":121,"column":19},"end":{"line":128,"column":13}}],"line":109},"17":{"loc":{"start":{"line":109,"column":15},"end":{"line":109,"column":113}},"type":"binary-expr","locations":[{"start":{"line":109,"column":15},"end":{"line":109,"column":55}},{"start":{"line":109,"column":59},"end":{"line":109,"column":113}}],"line":109},"18":{"loc":{"start":{"line":113,"column":20},"end":{"line":115,"column":58}},"type":"cond-expr","locations":[{"start":{"line":114,"column":26},"end":{"line":114,"column":54}},{"start":{"line":115,"column":26},"end":{"line":115,"column":58}}],"line":113},"19":{"loc":{"start":{"line":113,"column":20},"end":{"line":113,"column":81}},"type":"binary-expr","locations":[{"start":{"line":113,"column":20},"end":{"line":113,"column":24}},{"start":{"line":113,"column":28},"end":{"line":113,"column":53}},{"start":{"line":113,"column":57},"end":{"line":113,"column":81}}],"line":113},"20":{"loc":{"start":{"line":117,"column":20},"end":{"line":119,"column":70}},"type":"cond-expr","locations":[{"start":{"line":118,"column":26},"end":{"line":118,"column":66}},{"start":{"line":119,"column":26},"end":{"line":119,"column":70}}],"line":117},"21":{"loc":{"start":{"line":117,"column":20},"end":{"line":117,"column":84}},"type":"binary-expr","locations":[{"start":{"line":117,"column":20},"end":{"line":117,"column":24}},{"start":{"line":117,"column":28},"end":{"line":117,"column":84}}],"line":117},"22":{"loc":{"start":{"line":117,"column":30},"end":{"line":117,"column":83}},"type":"binary-expr","locations":[{"start":{"line":117,"column":30},"end":{"line":117,"column":55}},{"start":{"line":117,"column":59},"end":{"line":117,"column":83}}],"line":117},"23":{"loc":{"start":{"line":130,"column":26},"end":{"line":130,"column":35}},"type":"default-arg","locations":[{"start":{"line":130,"column":31},"end":{"line":130,"column":35}}],"line":130},"24":{"loc":{"start":{"line":133,"column":12},"end":{"line":143,"column":13}},"type":"if","locations":[{"start":{"line":133,"column":12},"end":{"line":143,"column":13}},{"start":{"line":135,"column":19},"end":{"line":143,"column":13}}],"line":133},"25":{"loc":{"start":{"line":135,"column":19},"end":{"line":143,"column":13}},"type":"if","locations":[{"start":{"line":135,"column":19},"end":{"line":143,"column":13}},{"start":{"line":137,"column":19},"end":{"line":143,"column":13}}],"line":135},"26":{"loc":{"start":{"line":137,"column":19},"end":{"line":143,"column":13}},"type":"if","locations":[{"start":{"line":137,"column":19},"end":{"line":143,"column":13}},{"start":{"line":139,"column":19},"end":{"line":143,"column":13}}],"line":137},"27":{"loc":{"start":{"line":139,"column":19},"end":{"line":143,"column":13}},"type":"if","locations":[{"start":{"line":139,"column":19},"end":{"line":143,"column":13}},{"start":{"line":141,"column":19},"end":{"line":143,"column":13}}],"line":139},"28":{"loc":{"start":{"line":148,"column":16},"end":{"line":150,"column":54}},"type":"cond-expr","locations":[{"start":{"line":149,"column":22},"end":{"line":149,"column":50}},{"start":{"line":150,"column":22},"end":{"line":150,"column":54}}],"line":148},"29":{"loc":{"start":{"line":155,"column":20},"end":{"line":155,"column":48}},"type":"default-arg","locations":[{"start":{"line":155,"column":33},"end":{"line":155,"column":48}}],"line":155},"30":{"loc":{"start":{"line":155,"column":59},"end":{"line":155,"column":85}},"type":"default-arg","locations":[{"start":{"line":155,"column":71},"end":{"line":155,"column":85}}],"line":155},"31":{"loc":{"start":{"line":155,"column":95},"end":{"line":155,"column":104}},"type":"default-arg","locations":[{"start":{"line":155,"column":100},"end":{"line":155,"column":104}}],"line":155},"32":{"loc":{"start":{"line":156,"column":12},"end":{"line":166,"column":13}},"type":"if","locations":[{"start":{"line":156,"column":12},"end":{"line":166,"column":13}},{"start":{"line":164,"column":19},"end":{"line":166,"column":13}}],"line":156},"33":{"loc":{"start":{"line":160,"column":20},"end":{"line":162,"column":63}},"type":"cond-expr","locations":[{"start":{"line":161,"column":26},"end":{"line":161,"column":59}},{"start":{"line":162,"column":26},"end":{"line":162,"column":63}}],"line":160},"34":{"loc":{"start":{"line":168,"column":25},"end":{"line":168,"column":53}},"type":"default-arg","locations":[{"start":{"line":168,"column":38},"end":{"line":168,"column":53}}],"line":168},"35":{"loc":{"start":{"line":168,"column":64},"end":{"line":168,"column":90}},"type":"default-arg","locations":[{"start":{"line":168,"column":76},"end":{"line":168,"column":90}}],"line":168},"36":{"loc":{"start":{"line":168,"column":100},"end":{"line":168,"column":109}},"type":"default-arg","locations":[{"start":{"line":168,"column":105},"end":{"line":168,"column":109}}],"line":168},"37":{"loc":{"start":{"line":169,"column":12},"end":{"line":179,"column":13}},"type":"if","locations":[{"start":{"line":169,"column":12},"end":{"line":179,"column":13}},{"start":{"line":177,"column":19},"end":{"line":179,"column":13}}],"line":169},"38":{"loc":{"start":{"line":173,"column":20},"end":{"line":175,"column":68}},"type":"cond-expr","locations":[{"start":{"line":174,"column":26},"end":{"line":174,"column":64}},{"start":{"line":175,"column":26},"end":{"line":175,"column":68}}],"line":173},"39":{"loc":{"start":{"line":188,"column":14},"end":{"line":188,"column":44}},"type":"default-arg","locations":[{"start":{"line":188,"column":28},"end":{"line":188,"column":44}}],"line":188},"40":{"loc":{"start":{"line":188,"column":46},"end":{"line":188,"column":62}},"type":"default-arg","locations":[{"start":{"line":188,"column":54},"end":{"line":188,"column":62}}],"line":188},"41":{"loc":{"start":{"line":188,"column":65},"end":{"line":188,"column":89}},"type":"default-arg","locations":[{"start":{"line":188,"column":76},"end":{"line":188,"column":89}}],"line":188},"42":{"loc":{"start":{"line":188,"column":91},"end":{"line":188,"column":102}},"type":"default-arg","locations":[{"start":{"line":188,"column":97},"end":{"line":188,"column":102}}],"line":188},"43":{"loc":{"start":{"line":188,"column":104},"end":{"line":188,"column":113}},"type":"default-arg","locations":[{"start":{"line":188,"column":109},"end":{"line":188,"column":113}}],"line":188},"44":{"loc":{"start":{"line":191,"column":12},"end":{"line":193,"column":61}},"type":"cond-expr","locations":[{"start":{"line":192,"column":18},"end":{"line":192,"column":57}},{"start":{"line":193,"column":18},"end":{"line":193,"column":61}}],"line":191},"45":{"loc":{"start":{"line":214,"column":26},"end":{"line":214,"column":34}},"type":"default-arg","locations":[{"start":{"line":214,"column":32},"end":{"line":214,"column":34}}],"line":214},"46":{"loc":{"start":{"line":214,"column":53},"end":{"line":214,"column":62}},"type":"default-arg","locations":[{"start":{"line":214,"column":60},"end":{"line":214,"column":62}}],"line":214},"47":{"loc":{"start":{"line":225,"column":43},"end":{"line":225,"column":51}},"type":"default-arg","locations":[{"start":{"line":225,"column":49},"end":{"line":225,"column":51}}],"line":225},"48":{"loc":{"start":{"line":235,"column":4},"end":{"line":239,"column":5}},"type":"if","locations":[{"start":{"line":235,"column":4},"end":{"line":239,"column":5}},{"start":{},"end":{}}],"line":235},"49":{"loc":{"start":{"line":235,"column":7},"end":{"line":236,"column":36}},"type":"binary-expr","locations":[{"start":{"line":235,"column":8},"end":{"line":235,"column":24}},{"start":{"line":235,"column":28},"end":{"line":235,"column":43}},{"start":{"line":236,"column":8},"end":{"line":236,"column":36}}],"line":235},"50":{"loc":{"start":{"line":243,"column":8},"end":{"line":249,"column":9}},"type":"if","locations":[{"start":{"line":243,"column":8},"end":{"line":249,"column":9}},{"start":{"line":245,"column":15},"end":{"line":249,"column":9}}],"line":243},"51":{"loc":{"start":{"line":243,"column":12},"end":{"line":243,"column":47}},"type":"binary-expr","locations":[{"start":{"line":243,"column":12},"end":{"line":243,"column":28}},{"start":{"line":243,"column":32},"end":{"line":243,"column":47}}],"line":243},"52":{"loc":{"start":{"line":245,"column":15},"end":{"line":249,"column":9}},"type":"if","locations":[{"start":{"line":245,"column":15},"end":{"line":249,"column":9}},{"start":{},"end":{}}],"line":245},"53":{"loc":{"start":{"line":245,"column":18},"end":{"line":246,"column":34}},"type":"binary-expr","locations":[{"start":{"line":245,"column":18},"end":{"line":245,"column":41}},{"start":{"line":246,"column":12},"end":{"line":246,"column":34}}],"line":245}},"s":{"0":1,"1":1,"2":1,"3":1,"4":13,"5":13,"6":7,"7":7,"8":1,"9":6,"10":4,"11":2,"12":1,"13":7,"14":6,"15":6,"16":6,"17":4,"18":4,"19":4,"20":0,"21":2,"22":0,"23":0,"24":0,"25":0,"26":0,"27":0,"28":0,"29":14,"30":14,"31":1,"32":13,"33":1,"34":12,"35":1,"36":11,"37":2,"38":9,"39":14,"40":14,"41":14,"42":2,"43":2,"44":2,"45":2,"46":0,"47":0,"48":8,"49":7,"50":7,"51":7,"52":1,"53":9,"54":0,"55":8,"56":8,"57":8,"58":8,"59":0,"60":0,"61":8,"62":16,"63":16,"64":3,"65":16,"66":42,"67":9,"68":33,"69":6,"70":16,"71":1},"f":{"0":13,"1":6,"2":4,"3":4,"4":0,"5":2,"6":0,"7":0,"8":14,"9":14,"10":2,"11":2,"12":0,"13":8,"14":7,"15":9,"16":0,"17":8,"18":0,"19":8,"20":8,"21":0,"22":0,"23":8,"24":16,"25":42},"b":{"0":[1],"1":[2],"2":[7],"3":[7,6],"4":[1,6],"5":[4,2],"6":[1,1],"7":[4,2],"8":[0],"9":[2],"10":[2,2],"11":[0],"12":[0],"13":[0],"14":[0],"15":[0],"16":[0,0],"17":[0,0],"18":[0,0],"19":[0,0,0],"20":[0,0],"21":[0,0],"22":[0,0],"23":[5],"24":[1,13],"25":[1,12],"26":[1,11],"27":[2,9],"28":[5,9],"29":[0],"30":[0],"31":[1],"32":[2,0],"33":[1,1],"34":[0],"35":[0],"36":[3],"37":[7,1],"38":[3,4],"39":[0],"40":[0],"41":[0],"42":[0],"43":[8],"44":[8,0],"45":[0],"46":[1],"47":[0],"48":[3,13],"49":[16,15,3],"50":[9,33],"51":[42,39],"52":[6,27],"53":[33,27]},"inputSourceMap":null,"_coverageSchema":"1a1c01bbd47fc00a2c39e90264f33305004495a9","hash":"048d1c9af3c8670ef05e61e48d376ae9aef7aad2"}
,"/Users/george.schafer/Library/Mobile Documents/com~apple~CloudDocs/Workspace/Jestr/module/verbs/Verbs.cjs": {"path":"/Users/george.schafer/Library/Mobile Documents/com~apple~CloudDocs/Workspace/Jestr/module/verbs/Verbs.cjs","statementMap":{"0":{"start":{"line":2,"column":14},"end":{"line":2,"column":15}},"1":{"start":{"line":5,"column":4},"end":{"line":5,"column":13}},"2":{"start":{"line":6,"column":4},"end":{"line":6,"column":30}},"3":{"start":{"line":10,"column":4},"end":{"line":13,"column":39}},"4":{"start":{"line":11,"column":8},"end":{"line":11,"column":44}},"5":{"start":{"line":13,"column":8},"end":{"line":13,"column":39}},"6":{"start":{"line":17,"column":4},"end":{"line":20,"column":33}},"7":{"start":{"line":18,"column":8},"end":{"line":18,"column":25}},"8":{"start":{"line":20,"column":8},"end":{"line":20,"column":33}},"9":{"start":{"line":24,"column":4},"end":{"line":27,"column":24}},"10":{"start":{"line":25,"column":8},"end":{"line":25,"column":20}},"11":{"start":{"line":27,"column":8},"end":{"line":27,"column":24}},"12":{"start":{"line":31,"column":4},"end":{"line":34,"column":25}},"13":{"start":{"line":32,"column":8},"end":{"line":32,"column":21}},"14":{"start":{"line":34,"column":8},"end":{"line":34,"column":25}},"15":{"start":{"line":38,"column":4},"end":{"line":41,"column":25}},"16":{"start":{"line":39,"column":8},"end":{"line":39,"column":21}},"17":{"start":{"line":41,"column":8},"end":{"line":41,"column":25}},"18":{"start":{"line":45,"column":4},"end":{"line":48,"column":30}},"19":{"start":{"line":46,"column":8},"end":{"line":46,"column":20}},"20":{"start":{"line":48,"column":8},"end":{"line":48,"column":30}},"21":{"start":{"line":52,"column":4},"end":{"line":55,"column":23}},"22":{"start":{"line":53,"column":8},"end":{"line":53,"column":19}},"23":{"start":{"line":55,"column":8},"end":{"line":55,"column":23}},"24":{"start":{"line":59,"column":4},"end":{"line":62,"column":31}},"25":{"start":{"line":60,"column":8},"end":{"line":60,"column":24}},"26":{"start":{"line":62,"column":8},"end":{"line":62,"column":31}},"27":{"start":{"line":66,"column":4},"end":{"line":69,"column":35}},"28":{"start":{"line":67,"column":8},"end":{"line":67,"column":27}},"29":{"start":{"line":69,"column":8},"end":{"line":69,"column":35}},"30":{"start":{"line":72,"column":0},"end":{"line":83,"column":1}}},"fnMap":{"0":{"name":"getCounter","decl":{"start":{"line":4,"column":9},"end":{"line":4,"column":19}},"loc":{"start":{"line":4,"column":21},"end":{"line":7,"column":1}},"line":4},"1":{"name":"throwsAnError","decl":{"start":{"line":9,"column":9},"end":{"line":9,"column":22}},"loc":{"start":{"line":9,"column":33},"end":{"line":14,"column":1}},"line":9},"2":{"name":"contains","decl":{"start":{"line":16,"column":9},"end":{"line":16,"column":17}},"loc":{"start":{"line":16,"column":28},"end":{"line":21,"column":1}},"line":16},"3":{"name":"did","decl":{"start":{"line":23,"column":9},"end":{"line":23,"column":12}},"loc":{"start":{"line":23,"column":23},"end":{"line":28,"column":1}},"line":23},"4":{"name":"does","decl":{"start":{"line":30,"column":9},"end":{"line":30,"column":13}},"loc":{"start":{"line":30,"column":24},"end":{"line":35,"column":1}},"line":30},"5":{"name":"have","decl":{"start":{"line":37,"column":9},"end":{"line":37,"column":13}},"loc":{"start":{"line":37,"column":24},"end":{"line":42,"column":1}},"line":37},"6":{"name":"has","decl":{"start":{"line":44,"column":9},"end":{"line":44,"column":12}},"loc":{"start":{"line":44,"column":23},"end":{"line":49,"column":1}},"line":44},"7":{"name":"is","decl":{"start":{"line":51,"column":9},"end":{"line":51,"column":11}},"loc":{"start":{"line":51,"column":22},"end":{"line":56,"column":1}},"line":51},"8":{"name":"matches","decl":{"start":{"line":58,"column":9},"end":{"line":58,"column":16}},"loc":{"start":{"line":58,"column":27},"end":{"line":63,"column":1}},"line":58},"9":{"name":"recognizes","decl":{"start":{"line":65,"column":9},"end":{"line":65,"column":19}},"loc":{"start":{"line":65,"column":30},"end":{"line":70,"column":1}},"line":65}},"branchMap":{"0":{"loc":{"start":{"line":9,"column":23},"end":{"line":9,"column":32}},"type":"default-arg","locations":[{"start":{"line":9,"column":28},"end":{"line":9,"column":32}}],"line":9},"1":{"loc":{"start":{"line":10,"column":4},"end":{"line":13,"column":39}},"type":"if","locations":[{"start":{"line":10,"column":4},"end":{"line":13,"column":39}},{"start":{"line":13,"column":8},"end":{"line":13,"column":39}}],"line":10},"2":{"loc":{"start":{"line":16,"column":18},"end":{"line":16,"column":27}},"type":"default-arg","locations":[{"start":{"line":16,"column":23},"end":{"line":16,"column":27}}],"line":16},"3":{"loc":{"start":{"line":17,"column":4},"end":{"line":20,"column":33}},"type":"if","locations":[{"start":{"line":17,"column":4},"end":{"line":20,"column":33}},{"start":{"line":20,"column":8},"end":{"line":20,"column":33}}],"line":17},"4":{"loc":{"start":{"line":23,"column":13},"end":{"line":23,"column":22}},"type":"default-arg","locations":[{"start":{"line":23,"column":18},"end":{"line":23,"column":22}}],"line":23},"5":{"loc":{"start":{"line":24,"column":4},"end":{"line":27,"column":24}},"type":"if","locations":[{"start":{"line":24,"column":4},"end":{"line":27,"column":24}},{"start":{"line":27,"column":8},"end":{"line":27,"column":24}}],"line":24},"6":{"loc":{"start":{"line":30,"column":14},"end":{"line":30,"column":23}},"type":"default-arg","locations":[{"start":{"line":30,"column":19},"end":{"line":30,"column":23}}],"line":30},"7":{"loc":{"start":{"line":31,"column":4},"end":{"line":34,"column":25}},"type":"if","locations":[{"start":{"line":31,"column":4},"end":{"line":34,"column":25}},{"start":{"line":34,"column":8},"end":{"line":34,"column":25}}],"line":31},"8":{"loc":{"start":{"line":37,"column":14},"end":{"line":37,"column":23}},"type":"default-arg","locations":[{"start":{"line":37,"column":19},"end":{"line":37,"column":23}}],"line":37},"9":{"loc":{"start":{"line":38,"column":4},"end":{"line":41,"column":25}},"type":"if","locations":[{"start":{"line":38,"column":4},"end":{"line":41,"column":25}},{"start":{"line":41,"column":8},"end":{"line":41,"column":25}}],"line":38},"10":{"loc":{"start":{"line":44,"column":13},"end":{"line":44,"column":22}},"type":"default-arg","locations":[{"start":{"line":44,"column":18},"end":{"line":44,"column":22}}],"line":44},"11":{"loc":{"start":{"line":45,"column":4},"end":{"line":48,"column":30}},"type":"if","locations":[{"start":{"line":45,"column":4},"end":{"line":48,"column":30}},{"start":{"line":48,"column":8},"end":{"line":48,"column":30}}],"line":45},"12":{"loc":{"start":{"line":51,"column":12},"end":{"line":51,"column":21}},"type":"default-arg","locations":[{"start":{"line":51,"column":17},"end":{"line":51,"column":21}}],"line":51},"13":{"loc":{"start":{"line":52,"column":4},"end":{"line":55,"column":23}},"type":"if","locations":[{"start":{"line":52,"column":4},"end":{"line":55,"column":23}},{"start":{"line":55,"column":8},"end":{"line":55,"column":23}}],"line":52},"14":{"loc":{"start":{"line":58,"column":17},"end":{"line":58,"column":26}},"type":"default-arg","locations":[{"start":{"line":58,"column":22},"end":{"line":58,"column":26}}],"line":58},"15":{"loc":{"start":{"line":59,"column":4},"end":{"line":62,"column":31}},"type":"if","locations":[{"start":{"line":59,"column":4},"end":{"line":62,"column":31}},{"start":{"line":62,"column":8},"end":{"line":62,"column":31}}],"line":59},"16":{"loc":{"start":{"line":65,"column":20},"end":{"line":65,"column":29}},"type":"default-arg","locations":[{"start":{"line":65,"column":25},"end":{"line":65,"column":29}}],"line":65},"17":{"loc":{"start":{"line":66,"column":4},"end":{"line":69,"column":35}},"type":"if","locations":[{"start":{"line":66,"column":4},"end":{"line":69,"column":35}},{"start":{"line":69,"column":8},"end":{"line":69,"column":35}}],"line":66}},"s":{"0":1,"1":41,"2":41,"3":8,"4":8,"5":0,"6":0,"7":0,"8":0,"9":0,"10":0,"11":0,"12":9,"13":4,"14":5,"15":0,"16":0,"17":0,"18":0,"19":0,"20":0,"21":24,"22":11,"23":13,"24":0,"25":0,"26":0,"27":0,"28":0,"29":0,"30":1},"f":{"0":41,"1":8,"2":0,"3":0,"4":9,"5":0,"6":0,"7":24,"8":0,"9":0},"b":{"0":[0],"1":[8,0],"2":[0],"3":[0,0],"4":[0],"5":[0,0],"6":[0],"7":[4,5],"8":[0],"9":[0,0],"10":[0],"11":[0,0],"12":[0],"13":[11,13],"14":[0],"15":[0,0],"16":[0],"17":[0,0]},"inputSourceMap":null,"_coverageSchema":"1a1c01bbd47fc00a2c39e90264f33305004495a9","hash":"41da9d17865ecbe4d4576f692148b6ccbd596323"}
}
