TN:
SF:Constants.ts
FNF:0
FNH:0
DA:1,1
LF:1
LH:1
BRF:0
BRH:0
end_of_record
TN:
SF:Jestr.d.ts
FNF:0
FNH:0
LF:0
LH:0
BRF:0
BRH:0
end_of_record
TN:
SF:Jestr.ts
FN:41,(anonymous_0)
FN:71,(anonymous_1)
FN:84,(anonymous_2)
FN:89,(anonymous_3)
FN:101,(anonymous_4)
FN:111,(anonymous_5)
FN:125,(anonymous_6)
FN:165,(anonymous_7)
FN:179,(anonymous_8)
FN:200,(anonymous_9)
FN:216,(anonymous_10)
FN:228,(anonymous_11)
FN:233,(anonymous_12)
FN:245,(anonymous_13)
FN:260,(anonymous_14)
FN:272,(anonymous_15)
FN:297,(anonymous_16)
FN:307,(anonymous_17)
FN:320,(anonymous_18)
FN:329,(anonymous_19)
FN:339,(anonymous_20)
FN:356,(anonymous_21)
FN:361,(anonymous_22)
FN:376,(anonymous_23)
FN:384,(anonymous_24)
FN:386,(anonymous_25)
FN:387,(anonymous_26)
FN:400,(anonymous_27)
FN:412,(anonymous_28)
FN:423,(anonymous_29)
FN:439,(anonymous_30)
FN:450,(anonymous_31)
FN:462,(anonymous_32)
FN:479,(anonymous_33)
FN:490,(anonymous_34)
FN:506,(anonymous_35)
FN:515,(anonymous_36)
FN:528,(anonymous_37)
FN:537,(anonymous_38)
FN:549,ConciseWarning
FN:560,TestableTypesTypescript
FN:562,(anonymous_41)
FN:565,(anonymous_42)
FN:573,TestableTypesJavascript
FN:584,SubjectTargetAre
FN:594,(anonymous_45)
FNF:46
FNH:32
FNDA:10,(anonymous_0)
FNDA:5,(anonymous_1)
FNDA:4,(anonymous_2)
FNDA:4,(anonymous_3)
FNDA:0,(anonymous_4)
FNDA:4,(anonymous_5)
FNDA:2,(anonymous_6)
FNDA:3,(anonymous_7)
FNDA:2,(anonymous_8)
FNDA:14,(anonymous_9)
FNDA:14,(anonymous_10)
FNDA:3,(anonymous_11)
FNDA:3,(anonymous_12)
FNDA:0,(anonymous_13)
FNDA:18,(anonymous_14)
FNDA:18,(anonymous_15)
FNDA:7,(anonymous_16)
FNDA:7,(anonymous_17)
FNDA:0,(anonymous_18)
FNDA:1,(anonymous_19)
FNDA:1,(anonymous_20)
FNDA:3,(anonymous_21)
FNDA:3,(anonymous_22)
FNDA:8,(anonymous_23)
FNDA:8,(anonymous_24)
FNDA:8,(anonymous_25)
FNDA:0,(anonymous_26)
FNDA:0,(anonymous_27)
FNDA:0,(anonymous_28)
FNDA:0,(anonymous_29)
FNDA:1,(anonymous_30)
FNDA:0,(anonymous_31)
FNDA:5,(anonymous_32)
FNDA:0,(anonymous_33)
FNDA:0,(anonymous_34)
FNDA:0,(anonymous_35)
FNDA:0,(anonymous_36)
FNDA:0,(anonymous_37)
FNDA:4,(anonymous_38)
FNDA:0,ConciseWarning
FNDA:13,TestableTypesTypescript
FNDA:24,(anonymous_41)
FNDA:130,(anonymous_42)
FNDA:3,TestableTypesJavascript
FNDA:25,SubjectTargetAre
FNDA:51,(anonymous_45)
DA:30,1
DA:48,10
DA:50,10
DA:52,5
DA:53,5
DA:54,1
DA:55,4
DA:56,3
DA:59,5
DA:67,5
DA:71,5
DA:72,5
DA:85,4
DA:89,4
DA:90,4
DA:117,4
DA:122,2
DA:125,2
DA:126,2
DA:130,2
DA:139,0
DA:146,2
DA:150,2
DA:152,0
DA:171,3
DA:176,2
DA:179,2
DA:180,2
DA:184,1
DA:188,1
DA:190,0
DA:201,14
DA:202,14
DA:203,1
DA:204,13
DA:205,1
DA:206,12
DA:207,1
DA:208,11
DA:209,2
DA:211,9
DA:214,14
DA:216,14
DA:217,14
DA:229,3
DA:233,3
DA:234,3
DA:267,18
DA:268,18
DA:272,18
DA:273,18
DA:278,0
DA:303,7
DA:307,7
DA:308,7
DA:335,1
DA:339,1
DA:340,1
DA:357,3
DA:361,3
DA:362,3
DA:381,8
DA:384,8
DA:385,8
DA:386,8
DA:387,0
DA:400,1
DA:401,0
DA:402,0
DA:412,1
DA:413,0
DA:414,0
DA:423,1
DA:424,0
DA:425,0
DA:440,1
DA:451,0
DA:463,5
DA:480,0
DA:491,0
DA:507,0
DA:516,0
DA:517,0
DA:529,0
DA:539,4
DA:545,4
DA:550,0
DA:561,13
DA:562,13
DA:563,24
DA:565,130
DA:574,3
DA:585,25
DA:588,25
DA:591,3
DA:594,25
DA:596,51
DA:597,6
DA:598,45
DA:601,14
DA:605,25
LF:101
LH:82
BRDA:46,0,0,4
BRDA:50,1,0,5
BRDA:50,1,1,5
BRDA:53,2,0,1
BRDA:53,2,1,4
BRDA:55,3,0,3
BRDA:72,4,0,3
BRDA:72,4,1,2
BRDA:84,5,0,2
BRDA:90,6,0,2
BRDA:90,6,1,2
BRDA:101,7,0,0
BRDA:115,8,0,3
BRDA:117,9,0,2
BRDA:117,9,1,2
BRDA:118,10,0,4
BRDA:118,10,1,4
BRDA:118,10,2,2
BRDA:126,11,0,1
BRDA:126,11,1,1
BRDA:130,12,0,0
BRDA:130,12,1,2
BRDA:131,13,0,2
BRDA:131,13,1,0
BRDA:131,13,2,0
BRDA:146,14,0,2
BRDA:146,14,1,0
BRDA:147,15,0,2
BRDA:147,15,1,2
BRDA:169,16,0,2
BRDA:171,17,0,2
BRDA:171,17,1,1
BRDA:172,18,0,3
BRDA:172,18,1,3
BRDA:172,18,2,2
BRDA:180,19,0,1
BRDA:180,19,1,1
BRDA:184,20,0,1
BRDA:184,20,1,0
BRDA:185,21,0,1
BRDA:185,21,1,1
BRDA:200,22,0,5
BRDA:202,23,0,1
BRDA:202,23,1,13
BRDA:204,24,0,1
BRDA:204,24,1,12
BRDA:206,25,0,1
BRDA:206,25,1,11
BRDA:208,26,0,2
BRDA:208,26,1,9
BRDA:217,27,0,5
BRDA:217,27,1,9
BRDA:228,28,0,1
BRDA:234,29,0,2
BRDA:234,29,1,1
BRDA:245,30,0,0
BRDA:265,31,0,11
BRDA:267,32,0,18
BRDA:267,32,1,0
BRDA:273,33,0,11
BRDA:273,33,1,7
BRDA:301,34,0,6
BRDA:308,35,0,6
BRDA:308,35,1,1
BRDA:320,36,0,0
BRDA:333,37,0,1
BRDA:340,38,0,1
BRDA:340,38,1,0
BRDA:356,39,0,1
BRDA:362,40,0,2
BRDA:362,40,1,1
BRDA:379,41,0,8
BRDA:385,42,0,8
BRDA:385,42,1,0
BRDA:400,43,0,0
BRDA:412,44,0,0
BRDA:423,45,0,0
BRDA:462,46,0,0
BRDA:490,47,0,0
BRDA:588,48,0,3
BRDA:588,49,0,25
BRDA:588,49,1,24
BRDA:588,49,2,3
BRDA:596,50,0,6
BRDA:596,50,1,45
BRDA:596,51,0,51
BRDA:596,51,1,49
BRDA:598,52,0,14
BRDA:598,53,0,45
BRDA:598,53,1,31
BRF:90
BRH:74
end_of_record
