TN:
SF:Constants.ts
FNF:0
FNH:0
DA:1,1
DA:16,1
LF:2
LH:2
BRF:0
BRH:0
end_of_record
TN:
SF:Jestr.ts
FN:41,(anonymous_0)
FN:71,(anonymous_1)
FN:84,(anonymous_2)
FN:89,(anonymous_3)
FN:101,(anonymous_4)
FN:111,(anonymous_5)
FN:125,(anonymous_6)
FN:165,(anonymous_7)
FN:179,(anonymous_8)
FN:200,(anonymous_9)
FN:216,(anonymous_10)
FN:228,(anonymous_11)
FN:233,(anonymous_12)
FN:245,(anonymous_13)
FN:260,(anonymous_14)
FN:272,(anonymous_15)
FN:297,(anonymous_16)
FN:307,(anonymous_17)
FN:320,(anonymous_18)
FN:329,(anonymous_19)
FN:339,(anonymous_20)
FN:350,(anonymous_21)
FN:353,(anonymous_22)
FN:363,(anonymous_23)
FN:371,(anonymous_24)
FN:375,(anonymous_25)
FN:377,(anonymous_26)
FN:378,(anonymous_27)
FN:391,(anonymous_28)
FN:403,(anonymous_29)
FN:414,(anonymous_30)
FN:425,(anonymous_31)
FN:430,(anonymous_32)
FN:449,(anonymous_33)
FN:460,(anonymous_34)
FN:472,(anonymous_35)
FN:489,(anonymous_36)
FN:500,(anonymous_37)
FN:516,(anonymous_38)
FN:525,(anonymous_39)
FN:538,(anonymous_40)
FN:547,(anonymous_41)
FN:559,ConciseWarning
FN:570,TestableTypesTypescript
FN:572,(anonymous_44)
FN:575,(anonymous_45)
FN:583,TestableTypesJavascript
FN:594,SubjectTargetAre
FN:604,(anonymous_48)
FNF:49
FNH:32
FNDA:11,(anonymous_0)
FNDA:6,(anonymous_1)
FNDA:4,(anonymous_2)
FNDA:4,(anonymous_3)
FNDA:0,(anonymous_4)
FNDA:4,(anonymous_5)
FNDA:2,(anonymous_6)
FNDA:3,(anonymous_7)
FNDA:2,(anonymous_8)
FNDA:14,(anonymous_9)
FNDA:14,(anonymous_10)
FNDA:3,(anonymous_11)
FNDA:3,(anonymous_12)
FNDA:0,(anonymous_13)
FNDA:48,(anonymous_14)
FNDA:48,(anonymous_15)
FNDA:7,(anonymous_16)
FNDA:7,(anonymous_17)
FNDA:0,(anonymous_18)
FNDA:1,(anonymous_19)
FNDA:1,(anonymous_20)
FNDA:0,(anonymous_21)
FNDA:0,(anonymous_22)
FNDA:0,(anonymous_23)
FNDA:8,(anonymous_24)
FNDA:8,(anonymous_25)
FNDA:8,(anonymous_26)
FNDA:0,(anonymous_27)
FNDA:0,(anonymous_28)
FNDA:0,(anonymous_29)
FNDA:0,(anonymous_30)
FNDA:3,(anonymous_31)
FNDA:3,(anonymous_32)
FNDA:1,(anonymous_33)
FNDA:0,(anonymous_34)
FNDA:5,(anonymous_35)
FNDA:0,(anonymous_36)
FNDA:0,(anonymous_37)
FNDA:0,(anonymous_38)
FNDA:0,(anonymous_39)
FNDA:0,(anonymous_40)
FNDA:4,(anonymous_41)
FNDA:0,ConciseWarning
FNDA:13,TestableTypesTypescript
FNDA:24,(anonymous_44)
FNDA:130,(anonymous_45)
FNDA:3,TestableTypesJavascript
FNDA:26,SubjectTargetAre
FNDA:53,(anonymous_48)
DA:30,1
DA:48,11
DA:50,11
DA:52,5
DA:53,5
DA:54,1
DA:55,4
DA:56,3
DA:59,5
DA:67,6
DA:71,6
DA:72,6
DA:85,4
DA:89,4
DA:90,4
DA:117,4
DA:122,2
DA:125,2
DA:126,2
DA:130,2
DA:139,0
DA:146,2
DA:150,2
DA:152,0
DA:171,3
DA:176,2
DA:179,2
DA:180,2
DA:184,1
DA:188,1
DA:190,0
DA:201,14
DA:202,14
DA:203,1
DA:204,13
DA:205,1
DA:206,12
DA:207,1
DA:208,11
DA:209,2
DA:211,9
DA:214,14
DA:216,14
DA:217,14
DA:229,3
DA:233,3
DA:234,3
DA:267,48
DA:268,48
DA:272,48
DA:273,48
DA:278,0
DA:303,7
DA:307,7
DA:308,7
DA:335,1
DA:339,1
DA:340,1
DA:351,0
DA:353,0
DA:354,0
DA:372,8
DA:375,8
DA:376,8
DA:377,8
DA:378,0
DA:391,1
DA:392,0
DA:393,0
DA:403,1
DA:404,0
DA:405,0
DA:414,1
DA:415,0
DA:416,0
DA:425,1
DA:426,3
DA:430,3
DA:431,3
DA:450,1
DA:461,0
DA:473,5
DA:490,0
DA:501,0
DA:517,0
DA:526,0
DA:527,0
DA:539,0
DA:549,4
DA:555,4
DA:560,0
DA:571,13
DA:572,13
DA:573,24
DA:575,130
DA:584,3
DA:595,26
DA:598,26
DA:601,3
DA:604,26
DA:606,53
DA:607,6
DA:608,47
DA:611,14
DA:615,26
LF:105
LH:83
BRDA:46,0,0,5
BRDA:50,1,0,5
BRDA:50,1,1,6
BRDA:53,2,0,1
BRDA:53,2,1,4
BRDA:55,3,0,3
BRDA:55,3,1,1
BRDA:72,4,0,4
BRDA:72,4,1,2
BRDA:84,5,0,2
BRDA:90,6,0,2
BRDA:90,6,1,2
BRDA:101,7,0,0
BRDA:115,8,0,3
BRDA:117,9,0,2
BRDA:117,9,1,2
BRDA:118,10,0,4
BRDA:118,10,1,4
BRDA:118,10,2,2
BRDA:126,11,0,1
BRDA:126,11,1,1
BRDA:130,12,0,0
BRDA:130,12,1,2
BRDA:131,13,0,2
BRDA:131,13,1,0
BRDA:131,13,2,0
BRDA:146,14,0,2
BRDA:146,14,1,0
BRDA:147,15,0,2
BRDA:147,15,1,2
BRDA:169,16,0,2
BRDA:171,17,0,2
BRDA:171,17,1,1
BRDA:172,18,0,3
BRDA:172,18,1,3
BRDA:172,18,2,2
BRDA:180,19,0,1
BRDA:180,19,1,1
BRDA:184,20,0,1
BRDA:184,20,1,0
BRDA:185,21,0,1
BRDA:185,21,1,1
BRDA:200,22,0,5
BRDA:202,23,0,1
BRDA:202,23,1,13
BRDA:204,24,0,1
BRDA:204,24,1,12
BRDA:206,25,0,1
BRDA:206,25,1,11
BRDA:208,26,0,2
BRDA:208,26,1,9
BRDA:217,27,0,5
BRDA:217,27,1,9
BRDA:228,28,0,1
BRDA:234,29,0,2
BRDA:234,29,1,1
BRDA:245,30,0,0
BRDA:265,31,0,29
BRDA:267,32,0,48
BRDA:267,32,1,0
BRDA:273,33,0,29
BRDA:273,33,1,19
BRDA:301,34,0,6
BRDA:308,35,0,6
BRDA:308,35,1,1
BRDA:320,36,0,0
BRDA:333,37,0,1
BRDA:340,38,0,1
BRDA:340,38,1,0
BRDA:350,39,0,0
BRDA:354,40,0,0
BRDA:354,40,1,0
BRDA:363,41,0,0
BRDA:371,42,0,8
BRDA:376,43,0,8
BRDA:376,43,1,0
BRDA:391,44,0,0
BRDA:403,45,0,0
BRDA:414,46,0,0
BRDA:425,47,0,1
BRDA:431,48,0,2
BRDA:431,48,1,1
BRDA:472,49,0,0
BRDA:500,50,0,0
BRDA:598,51,0,3
BRDA:598,51,1,23
BRDA:598,52,0,26
BRDA:598,52,1,25
BRDA:598,52,2,3
BRDA:606,53,0,6
BRDA:606,53,1,47
BRDA:606,54,0,53
BRDA:606,54,1,51
BRDA:608,55,0,14
BRDA:608,55,1,33
BRDA:608,56,0,47
BRDA:608,56,1,33
BRF:97
BRH:77
end_of_record
TN:
SF:module/verbs/jest.config.ts
FNF:0
FNH:0
DA:1,0
LF:1
LH:0
BRF:0
BRH:0
end_of_record
TN:
SF:test/ReactNative.tests.ts
FN:6,(anonymous_0)
FNF:1
FNH:0
FNDA:0,(anonymous_0)
DA:6,0
DA:7,0
LF:2
LH:0
BRF:0
BRH:0
end_of_record
